INFO:     Will watch for changes in these directories: ['/workspaces/rag-facom']
INFO:     Uvicorn running on http://0.0.0.0:8008 (Press CTRL+C to quit)
INFO:     Started reloader process [76167] using WatchFiles
INFO:     Started server process [76187]
INFO:     Waiting for application startup.
INFO:     Application startup complete.
INFO:     127.0.0.1:57386 - "GET /healthz HTTP/1.1" 200 OK
INFO:     127.0.0.1:57396 - "GET / HTTP/1.1" 200 OK
INFO:     127.0.0.1:57408 - "GET /healthz HTTP/1.1" 200 OK
INFO:     127.0.0.1:57408 - "GET /docs HTTP/1.1" 200 OK
INFO:     127.0.0.1:57408 - "GET /openapi.json HTTP/1.1" 200 OK
WARNING:  WatchFiles detected changes in 'app/api/humanize.py'. Reloading...
INFO:     Shutting down
INFO:     Waiting for application shutdown.
INFO:     Application shutdown complete.
INFO:     Finished server process [76187]
INFO:     Started server process [77533]
INFO:     Waiting for application startup.
INFO:     Application startup complete.
WARNING:  WatchFiles detected changes in 'app/api/main.py'. Reloading...
INFO:     Shutting down
INFO:     Waiting for application shutdown.
INFO:     Application shutdown complete.
INFO:     Finished server process [77533]
INFO:     Started server process [77741]
INFO:     Waiting for application startup.
INFO:     Application startup complete.
WARNING:  WatchFiles detected changes in 'app/api/main.py'. Reloading...
INFO:     Shutting down
INFO:     Waiting for application shutdown.
INFO:     Application shutdown complete.
INFO:     Finished server process [77741]
INFO:     Started server process [77939]
INFO:     Waiting for application startup.
INFO:     Application startup complete.
INFO:     Shutting down
INFO:     Waiting for application shutdown.
INFO:     Application shutdown complete.
INFO:     Finished server process [77939]
INFO:     Stopping reloader process [76167]
